<?xml version="1.0" encoding="UTF-8"?><testrun name="TestRunner" project="AmazonWebportal" tests="9" started="9" failures="0" errors="2" ignored="3">
  <testsuite name="Runner.TestRunner" incomplete="true">
    <testsuite name="Feature: Test Flow" incomplete="true">
      <testsuite name="Scenario: Open the browser" time="0.073">
        <testcase name="Given The browser should be opened" classname="Scenario: Open the browser" time="0.073"/>
      </testsuite>
      <testsuite name="Scenario: Enter URL in the browser" time="2.076" incomplete="true">
        <skipped/>
        <testcase name="Given push the url &quot;https://www.amazon.in/&quot; to the browser" classname="Scenario: Enter URL in the browser" time="0.002"/>
        <testcase name="Then redirect to the page" classname="Scenario: Enter URL in the browser" time="2.074" ignored="true"/>
      </testsuite>
      <testsuite name="Scenario: Choosing category of the search" time="3.711">
        <testcase name="Given Click on all dropdown button" classname="Scenario: Choosing category of the search" time="1.619"/>
        <testcase name="Then Select &quot;Books&quot; from the dropdown" classname="Scenario: Choosing category of the search" time="2.092"/>
      </testsuite>
      <testsuite name="Scenario: Book Selection" time="0.004" incomplete="true">
        <error>org.openqa.selenium.WebDriverException: unknown error: cannot determine loading status
from disconnected: received Inspector.detached event
  (Session info: chrome=78.0.3904.108)
Build info: version: '3.7.0', revision: '2321c73', time: '2017-11-02T22:22:35.584Z'
System info: host: 'DESKTOP-LHLA0PA', ip: '192.168.153.1', os.name: 'Windows 10', os.arch: 'amd64', os.version: '10.0', java.version: '1.8.0_191'
Driver info: org.openqa.selenium.chrome.ChromeDriver
Capabilities {acceptInsecureCerts: false, browserName: chrome, browserVersion: 78.0.3904.108, chrome: {chromedriverVersion: 78.0.3904.70 (edb9c9f3de024..., userDataDir: C:\Users\soham\AppData\Loca...}, goog:chromeOptions: {debuggerAddress: localhost:61474}, javascriptEnabled: true, networkConnectionEnabled: false, pageLoadStrategy: normal, platform: XP, platformName: XP, proxy: Proxy(), setWindowRect: true, strictFileInteractability: false, timeouts: {implicit: 0, pageLoad: 300000, script: 30000}, unhandledPromptBehavior: dismiss and notify}
Session ID: 74ee41b39670afcfd214c5fc05bf0835&#13;
	at sun.reflect.NativeConstructorAccessorImpl.newInstance0(Native Method)&#13;
	at sun.reflect.NativeConstructorAccessorImpl.newInstance(Unknown Source)&#13;
	at sun.reflect.DelegatingConstructorAccessorImpl.newInstance(Unknown Source)&#13;
	at java.lang.reflect.Constructor.newInstance(Unknown Source)&#13;
	at org.openqa.selenium.remote.http.W3CHttpResponseCodec.createException(W3CHttpResponseCodec.java:187)&#13;
	at org.openqa.selenium.remote.http.W3CHttpResponseCodec.decode(W3CHttpResponseCodec.java:122)&#13;
	at org.openqa.selenium.remote.http.W3CHttpResponseCodec.decode(W3CHttpResponseCodec.java:49)&#13;
	at org.openqa.selenium.remote.HttpCommandExecutor.execute(HttpCommandExecutor.java:164)&#13;
	at org.openqa.selenium.remote.service.DriverCommandExecutor.execute(DriverCommandExecutor.java:83)&#13;
	at org.openqa.selenium.remote.RemoteWebDriver.execute(RemoteWebDriver.java:600)&#13;
	at org.openqa.selenium.remote.RemoteWebDriver.get(RemoteWebDriver.java:324)&#13;
	at StepDefinations.StepDefination.push_the_url_something_to_the_browser(StepDefination.java:23)&#13;
	at StepDefinations.StepDefination.get_the_count_of_the_search_result_for_something(StepDefination.java:65)&#13;
	at ✽.Given Get the count of the search result for "Selenium Webdriver"(src/test/java/Features/Amazon.feature:26)&#13;
&#13;
</error>
        <testcase name="Given Get the count of the search result for &quot;Selenium Webdriver&quot;" classname="Scenario: Book Selection" time="0.004">
          <error>org.openqa.selenium.WebDriverException: unknown error: cannot determine loading status
from disconnected: received Inspector.detached event
  (Session info: chrome=78.0.3904.108)
Build info: version: '3.7.0', revision: '2321c73', time: '2017-11-02T22:22:35.584Z'
System info: host: 'DESKTOP-LHLA0PA', ip: '192.168.153.1', os.name: 'Windows 10', os.arch: 'amd64', os.version: '10.0', java.version: '1.8.0_191'
Driver info: org.openqa.selenium.chrome.ChromeDriver
Capabilities {acceptInsecureCerts: false, browserName: chrome, browserVersion: 78.0.3904.108, chrome: {chromedriverVersion: 78.0.3904.70 (edb9c9f3de024..., userDataDir: C:\Users\soham\AppData\Loca...}, goog:chromeOptions: {debuggerAddress: localhost:61474}, javascriptEnabled: true, networkConnectionEnabled: false, pageLoadStrategy: normal, platform: XP, platformName: XP, proxy: Proxy(), setWindowRect: true, strictFileInteractability: false, timeouts: {implicit: 0, pageLoad: 300000, script: 30000}, unhandledPromptBehavior: dismiss and notify}
Session ID: 74ee41b39670afcfd214c5fc05bf0835&#13;
	at sun.reflect.NativeConstructorAccessorImpl.newInstance0(Native Method)&#13;
	at sun.reflect.NativeConstructorAccessorImpl.newInstance(Unknown Source)&#13;
	at sun.reflect.DelegatingConstructorAccessorImpl.newInstance(Unknown Source)&#13;
	at java.lang.reflect.Constructor.newInstance(Unknown Source)&#13;
	at org.openqa.selenium.remote.http.W3CHttpResponseCodec.createException(W3CHttpResponseCodec.java:187)&#13;
	at org.openqa.selenium.remote.http.W3CHttpResponseCodec.decode(W3CHttpResponseCodec.java:122)&#13;
	at org.openqa.selenium.remote.http.W3CHttpResponseCodec.decode(W3CHttpResponseCodec.java:49)&#13;
	at org.openqa.selenium.remote.HttpCommandExecutor.execute(HttpCommandExecutor.java:164)&#13;
	at org.openqa.selenium.remote.service.DriverCommandExecutor.execute(DriverCommandExecutor.java:83)&#13;
	at org.openqa.selenium.remote.RemoteWebDriver.execute(RemoteWebDriver.java:600)&#13;
	at org.openqa.selenium.remote.RemoteWebDriver.get(RemoteWebDriver.java:324)&#13;
	at StepDefinations.StepDefination.push_the_url_something_to_the_browser(StepDefination.java:23)&#13;
	at StepDefinations.StepDefination.get_the_count_of_the_search_result_for_something(StepDefination.java:65)&#13;
	at ✽.Given Get the count of the search result for "Selenium Webdriver"(src/test/java/Features/Amazon.feature:26)&#13;
&#13;
</error>
        </testcase>
        <testcase name="When Select the books with following details" classname="Scenario: Book Selection" time="0.0" ignored="true"/>
        <testcase name="Then Verify the book name, authorname, price" classname="Scenario: Book Selection" time="0.0" ignored="true"/>
        <testcase name="And Write it in excel file" classname="Scenario: Book Selection" incomplete="true"/>
      </testsuite>
    </testsuite>
  </testsuite>
</testrun>
