<?xml version="1.0" encoding="UTF-8"?><testrun name="TestRunner" project="AmazonWebportal" tests="5" started="5" failures="0" errors="2" ignored="1">
  <testsuite name="Runner.TestRunner" time="15.737">
    <testsuite name="Feature: Test Flow" time="15.737">
      <testsuite name="Scenario: Open the browser" time="0.042">
        <testcase name="Given The browser should be opened" classname="Scenario: Open the browser" time="0.042"/>
      </testsuite>
      <testsuite name="Scenario: Enter URL in the browser" time="2.317" incomplete="true">
        <skipped/>
        <testcase name="Given push the url &quot;https://www.amazon.in/&quot; to the browser" classname="Scenario: Enter URL in the browser" time="0.001"/>
        <testcase name="Then redirect to the page" classname="Scenario: Enter URL in the browser" time="2.316" ignored="true"/>
      </testsuite>
      <testsuite name="Scenario: Choosing category of the search" time="1.487" incomplete="true">
        <error>org.openqa.selenium.NoSuchElementException: Cannot locate element with text: BOOKS
For documentation on this error, please visit: http://seleniumhq.org/exceptions/no_such_element.html
Build info: version: '3.7.0', revision: '2321c73', time: '2017-11-02T22:22:35.584Z'
System info: host: 'DESKTOP-LHLA0PA', ip: '192.168.153.1', os.name: 'Windows 10', os.arch: 'amd64', os.version: '10.0', java.version: '1.8.0_191'
Driver info: driver.version: unknown&#13;
	at org.openqa.selenium.support.ui.Select.selectByVisibleText(Select.java:151)&#13;
	at StepDefinations.StepDefination.select_something_from_the_dropdown(StepDefination.java:41)&#13;
	at ✽.Then Select "BOOKS" from the dropdown(src/test/java/Features/Amazon.feature:15)&#13;
&#13;
</error>
        <testcase name="Given Click on all dropdown button" classname="Scenario: Choosing category of the search" time="1.485"/>
        <testcase name="Then Select &quot;BOOKS&quot; from the dropdown" classname="Scenario: Choosing category of the search" time="0.002">
          <error>org.openqa.selenium.NoSuchElementException: Cannot locate element with text: BOOKS
For documentation on this error, please visit: http://seleniumhq.org/exceptions/no_such_element.html
Build info: version: '3.7.0', revision: '2321c73', time: '2017-11-02T22:22:35.584Z'
System info: host: 'DESKTOP-LHLA0PA', ip: '192.168.153.1', os.name: 'Windows 10', os.arch: 'amd64', os.version: '10.0', java.version: '1.8.0_191'
Driver info: driver.version: unknown&#13;
	at org.openqa.selenium.support.ui.Select.selectByVisibleText(Select.java:151)&#13;
	at StepDefinations.StepDefination.select_something_from_the_dropdown(StepDefination.java:41)&#13;
	at ✽.Then Select "BOOKS" from the dropdown(src/test/java/Features/Amazon.feature:15)&#13;
&#13;
</error>
        </testcase>
      </testsuite>
    </testsuite>
  </testsuite>
</testrun>
