<?xml version="1.0" encoding="UTF-8"?><testrun name="TestRunner" project="AmazonWebportal" tests="3" started="3" failures="0" errors="2" ignored="1">
  <testsuite name="Runner.TestRunner" time="2.806">
    <testsuite name="Feature: Test Flow" time="2.806">
      <testsuite name="Scenario: Open the browser" time="0.001">
        <testcase name="Given The browser should be opened" classname="Scenario: Open the browser" time="0.001"/>
      </testsuite>
      <testsuite name="Scenario: Enter URL in the browser" time="0.002" incomplete="true">
        <error>org.openqa.selenium.InvalidArgumentException: invalid argument
  (Session info: chrome=78.0.3904.108)
Build info: version: '3.7.0', revision: '2321c73', time: '2017-11-02T22:22:35.584Z'
System info: host: 'DESKTOP-LHLA0PA', ip: '192.168.153.1', os.name: 'Windows 10', os.arch: 'amd64', os.version: '10.0', java.version: '1.8.0_191'
Driver info: org.openqa.selenium.chrome.ChromeDriver
Capabilities {acceptInsecureCerts: false, browserName: chrome, browserVersion: 78.0.3904.108, chrome: {chromedriverVersion: 78.0.3904.70 (edb9c9f3de024..., userDataDir: C:\Users\soham\AppData\Loca...}, goog:chromeOptions: {debuggerAddress: localhost:60136}, javascriptEnabled: true, networkConnectionEnabled: false, pageLoadStrategy: normal, platform: XP, platformName: XP, proxy: Proxy(), setWindowRect: true, strictFileInteractability: false, timeouts: {implicit: 0, pageLoad: 300000, script: 30000}, unhandledPromptBehavior: dismiss and notify}
Session ID: 56f9bfa8138ebde9fc52f264e8377f91&#13;
	at sun.reflect.NativeConstructorAccessorImpl.newInstance0(Native Method)&#13;
	at sun.reflect.NativeConstructorAccessorImpl.newInstance(Unknown Source)&#13;
	at sun.reflect.DelegatingConstructorAccessorImpl.newInstance(Unknown Source)&#13;
	at java.lang.reflect.Constructor.newInstance(Unknown Source)&#13;
	at org.openqa.selenium.remote.http.W3CHttpResponseCodec.createException(W3CHttpResponseCodec.java:187)&#13;
	at org.openqa.selenium.remote.http.W3CHttpResponseCodec.decode(W3CHttpResponseCodec.java:122)&#13;
	at org.openqa.selenium.remote.http.W3CHttpResponseCodec.decode(W3CHttpResponseCodec.java:49)&#13;
	at org.openqa.selenium.remote.HttpCommandExecutor.execute(HttpCommandExecutor.java:164)&#13;
	at org.openqa.selenium.remote.service.DriverCommandExecutor.execute(DriverCommandExecutor.java:83)&#13;
	at org.openqa.selenium.remote.RemoteWebDriver.execute(RemoteWebDriver.java:600)&#13;
	at org.openqa.selenium.remote.RemoteWebDriver.get(RemoteWebDriver.java:324)&#13;
	at StepDefinations.StepDefination.push_the_url_something_to_the_browser(StepDefination.java:20)&#13;
	at ✽.Given push the url "amazon.in" to the browser(src/test/java/Features/Amazon.feature:9)&#13;
&#13;
</error>
        <testcase name="Given push the url &quot;amazon.in&quot; to the browser" classname="Scenario: Enter URL in the browser" time="0.002">
          <error>org.openqa.selenium.InvalidArgumentException: invalid argument
  (Session info: chrome=78.0.3904.108)
Build info: version: '3.7.0', revision: '2321c73', time: '2017-11-02T22:22:35.584Z'
System info: host: 'DESKTOP-LHLA0PA', ip: '192.168.153.1', os.name: 'Windows 10', os.arch: 'amd64', os.version: '10.0', java.version: '1.8.0_191'
Driver info: org.openqa.selenium.chrome.ChromeDriver
Capabilities {acceptInsecureCerts: false, browserName: chrome, browserVersion: 78.0.3904.108, chrome: {chromedriverVersion: 78.0.3904.70 (edb9c9f3de024..., userDataDir: C:\Users\soham\AppData\Loca...}, goog:chromeOptions: {debuggerAddress: localhost:60136}, javascriptEnabled: true, networkConnectionEnabled: false, pageLoadStrategy: normal, platform: XP, platformName: XP, proxy: Proxy(), setWindowRect: true, strictFileInteractability: false, timeouts: {implicit: 0, pageLoad: 300000, script: 30000}, unhandledPromptBehavior: dismiss and notify}
Session ID: 56f9bfa8138ebde9fc52f264e8377f91&#13;
	at sun.reflect.NativeConstructorAccessorImpl.newInstance0(Native Method)&#13;
	at sun.reflect.NativeConstructorAccessorImpl.newInstance(Unknown Source)&#13;
	at sun.reflect.DelegatingConstructorAccessorImpl.newInstance(Unknown Source)&#13;
	at java.lang.reflect.Constructor.newInstance(Unknown Source)&#13;
	at org.openqa.selenium.remote.http.W3CHttpResponseCodec.createException(W3CHttpResponseCodec.java:187)&#13;
	at org.openqa.selenium.remote.http.W3CHttpResponseCodec.decode(W3CHttpResponseCodec.java:122)&#13;
	at org.openqa.selenium.remote.http.W3CHttpResponseCodec.decode(W3CHttpResponseCodec.java:49)&#13;
	at org.openqa.selenium.remote.HttpCommandExecutor.execute(HttpCommandExecutor.java:164)&#13;
	at org.openqa.selenium.remote.service.DriverCommandExecutor.execute(DriverCommandExecutor.java:83)&#13;
	at org.openqa.selenium.remote.RemoteWebDriver.execute(RemoteWebDriver.java:600)&#13;
	at org.openqa.selenium.remote.RemoteWebDriver.get(RemoteWebDriver.java:324)&#13;
	at StepDefinations.StepDefination.push_the_url_something_to_the_browser(StepDefination.java:20)&#13;
	at ✽.Given push the url "amazon.in" to the browser(src/test/java/Features/Amazon.feature:9)&#13;
&#13;
</error>
        </testcase>
        <testcase name="Then redirect to the page" classname="Scenario: Enter URL in the browser" time="0.085" ignored="true"/>
      </testsuite>
    </testsuite>
  </testsuite>
</testrun>
